mode: set
todof/internal/task/repository.go:28.56,32.2 1 1
todof/internal/task/repository.go:34.66,39.16 4 1
todof/internal/task/repository.go:39.16,42.3 2 1
todof/internal/task/repository.go:43.2,43.12 1 1
todof/internal/task/repository.go:46.97,53.16 3 1
todof/internal/task/repository.go:53.16,56.3 2 1
todof/internal/task/repository.go:57.2,60.47 3 1
todof/internal/task/repository.go:60.47,63.3 2 1
todof/internal/task/repository.go:65.2,65.19 1 1
todof/internal/task/repository.go:68.129,73.72 3 0
todof/internal/task/repository.go:73.72,76.3 2 0
todof/internal/task/repository.go:78.2,85.16 3 0
todof/internal/task/repository.go:85.16,88.3 2 0
todof/internal/task/repository.go:90.2,90.30 1 0
todof/internal/task/repository.go:90.30,93.3 2 0
todof/internal/task/repository.go:95.2,97.12 2 0
todof/internal/task/repository.go:100.150,105.72 3 0
todof/internal/task/repository.go:105.72,108.3 2 0
todof/internal/task/repository.go:110.2,117.16 3 0
todof/internal/task/repository.go:117.16,120.3 2 0
todof/internal/task/repository.go:122.2,122.30 1 0
todof/internal/task/repository.go:122.30,125.3 2 0
todof/internal/task/repository.go:127.2,129.12 2 0
todof/internal/task/repository.go:132.117,136.16 3 0
todof/internal/task/repository.go:136.16,139.3 2 0
todof/internal/task/repository.go:141.2,141.30 1 0
todof/internal/task/repository.go:141.30,144.3 2 0
todof/internal/task/repository.go:146.2,148.12 2 0
todof/internal/task/repository.go:151.117,155.16 3 0
todof/internal/task/repository.go:155.16,158.3 2 0
todof/internal/task/repository.go:160.2,160.30 1 0
todof/internal/task/repository.go:160.30,163.3 2 0
todof/internal/task/repository.go:165.2,167.12 2 0
todof/internal/task/repository.go:170.84,174.16 3 0
todof/internal/task/repository.go:174.16,177.3 2 0
todof/internal/task/repository.go:179.2,179.30 1 0
todof/internal/task/repository.go:179.30,182.3 2 0
todof/internal/task/repository.go:184.2,185.12 2 0
todof/internal/task/repository.go:188.92,190.16 2 0
todof/internal/task/repository.go:190.16,193.3 2 0
todof/internal/task/repository.go:195.2,195.12 1 0
todof/internal/task/service.go:27.103,32.2 1 1
todof/internal/task/service.go:34.122,41.53 2 1
todof/internal/task/service.go:41.53,43.3 1 1
todof/internal/task/service.go:45.2,45.18 1 1
todof/internal/task/service.go:48.100,50.16 2 1
todof/internal/task/service.go:50.16,52.3 1 1
todof/internal/task/service.go:54.2,54.18 1 1
todof/internal/task/service.go:54.18,56.3 1 0
todof/internal/task/service.go:58.2,58.19 1 1
todof/internal/task/service.go:61.132,62.84 1 0
todof/internal/task/service.go:62.84,64.3 1 0
todof/internal/task/service.go:66.2,66.12 1 0
todof/internal/task/service.go:69.167,70.106 1 0
todof/internal/task/service.go:70.106,72.3 1 0
todof/internal/task/service.go:74.2,74.12 1 0
todof/internal/task/service.go:77.120,78.72 1 0
todof/internal/task/service.go:78.72,80.3 1 0
todof/internal/task/service.go:82.2,82.12 1 0
todof/internal/task/service.go:85.120,86.70 1 0
todof/internal/task/service.go:86.70,88.3 1 0
todof/internal/task/service.go:90.2,90.12 1 0
todof/internal/task/service.go:93.87,94.56 1 0
todof/internal/task/service.go:94.56,96.3 1 0
todof/internal/task/service.go:98.2,98.12 1 0
todof/internal/task/service.go:101.65,103.16 2 0
todof/internal/task/service.go:103.16,105.3 1 0
todof/internal/task/service.go:107.2,108.29 2 0
todof/internal/task/service.go:108.29,110.3 1 0
todof/internal/task/service.go:112.2,112.64 1 0
todof/internal/task/service.go:112.64,114.3 1 0
todof/internal/task/service.go:116.2,116.12 1 0
todof/internal/task/taskmodel.go:31.32,33.22 2 1
todof/internal/task/taskmodel.go:33.22,35.3 1 1
todof/internal/task/taskmodel.go:36.2,36.19 1 1
todof/internal/task/taskmodel.go:39.37,43.2 1 1
todof/internal/task/taskmodel.go:45.45,47.25 2 0
todof/internal/task/taskmodel.go:47.25,49.3 1 0
todof/internal/task/taskmodel.go:50.2,50.14 1 0
