mode: set
todof/internal/task/repository.go:28.56,32.2 1 1
todof/internal/task/repository.go:34.66,39.16 4 1
todof/internal/task/repository.go:39.16,42.3 2 0
todof/internal/task/repository.go:43.2,43.12 1 1
todof/internal/task/repository.go:46.97,48.16 2 1
todof/internal/task/repository.go:48.16,51.3 2 0
todof/internal/task/repository.go:52.2,55.48 3 1
todof/internal/task/repository.go:55.48,58.3 2 0
todof/internal/task/repository.go:60.2,60.19 1 1
todof/internal/task/repository.go:63.129,68.75 3 1
todof/internal/task/repository.go:68.75,71.6 2 0
todof/internal/task/repository.go:73.2,80.19 3 1
todof/internal/task/repository.go:80.19,83.6 2 0
todof/internal/task/repository.go:85.5,85.33 1 1
todof/internal/task/repository.go:85.33,88.6 2 0
todof/internal/task/repository.go:90.5,92.15 2 1
todof/internal/task/repository.go:95.150,100.75 3 1
todof/internal/task/repository.go:100.75,103.6 2 0
todof/internal/task/repository.go:105.2,112.19 3 1
todof/internal/task/repository.go:112.19,115.6 2 0
todof/internal/task/repository.go:117.5,117.33 1 1
todof/internal/task/repository.go:117.33,120.6 2 0
todof/internal/task/repository.go:122.5,124.15 2 1
todof/internal/task/repository.go:127.117,131.16 3 0
todof/internal/task/repository.go:131.16,134.3 2 0
todof/internal/task/repository.go:136.2,136.30 1 0
todof/internal/task/repository.go:136.30,139.3 2 0
todof/internal/task/repository.go:141.2,143.12 2 0
todof/internal/task/repository.go:146.117,150.16 3 0
todof/internal/task/repository.go:150.16,153.3 2 0
todof/internal/task/repository.go:155.2,155.30 1 0
todof/internal/task/repository.go:155.30,158.3 2 0
todof/internal/task/repository.go:160.2,162.12 2 0
todof/internal/task/repository.go:165.84,169.16 3 0
todof/internal/task/repository.go:169.16,172.3 2 0
todof/internal/task/repository.go:174.2,174.30 1 0
todof/internal/task/repository.go:174.30,177.3 2 0
todof/internal/task/repository.go:179.2,180.12 2 0
todof/internal/task/repository.go:183.92,185.16 2 0
todof/internal/task/repository.go:185.16,188.3 2 0
todof/internal/task/repository.go:190.2,190.12 1 0
todof/internal/task/service.go:27.103,32.2 1 1
todof/internal/task/service.go:34.122,41.53 2 1
todof/internal/task/service.go:41.53,43.3 1 0
todof/internal/task/service.go:45.2,45.18 1 1
todof/internal/task/service.go:48.100,50.16 2 1
todof/internal/task/service.go:50.16,52.3 1 0
todof/internal/task/service.go:54.2,54.18 1 1
todof/internal/task/service.go:54.18,56.3 1 1
todof/internal/task/service.go:58.2,58.19 1 1
todof/internal/task/service.go:61.132,62.84 1 1
todof/internal/task/service.go:62.84,64.3 1 0
todof/internal/task/service.go:66.2,66.12 1 1
todof/internal/task/service.go:69.167,70.106 1 1
todof/internal/task/service.go:70.106,72.3 1 0
todof/internal/task/service.go:74.2,74.12 1 1
todof/internal/task/service.go:77.120,78.72 1 0
todof/internal/task/service.go:78.72,80.3 1 0
todof/internal/task/service.go:82.2,82.12 1 0
todof/internal/task/service.go:85.120,86.70 1 0
todof/internal/task/service.go:86.70,88.3 1 0
todof/internal/task/service.go:90.2,90.12 1 0
todof/internal/task/service.go:93.87,94.56 1 0
todof/internal/task/service.go:94.56,96.3 1 0
todof/internal/task/service.go:98.2,98.12 1 0
todof/internal/task/service.go:101.65,103.16 2 0
todof/internal/task/service.go:103.16,105.3 1 0
todof/internal/task/service.go:107.2,108.29 2 0
todof/internal/task/service.go:108.29,110.3 1 0
todof/internal/task/service.go:112.2,112.64 1 0
todof/internal/task/service.go:112.64,114.3 1 0
todof/internal/task/service.go:116.2,116.12 1 0
todof/internal/task/taskmodel.go:31.32,33.22 2 1
todof/internal/task/taskmodel.go:33.22,35.3 1 1
todof/internal/task/taskmodel.go:36.2,36.19 1 1
